{"total": {"lines":{"total":932,"covered":429,"skipped":0,"pct":46.03},"statements":{"total":959,"covered":449,"skipped":0,"pct":46.81},"functions":{"total":82,"covered":12,"skipped":0,"pct":14.63},"branches":{"total":136,"covered":39,"skipped":0,"pct":28.67},"branchesTrue":{"total":0,"covered":0,"skipped":0,"pct":100}}
,"C:\\Users\\h_gda\\Music\\Proyecto\\src\\app.ts": {"lines":{"total":11,"covered":11,"skipped":0,"pct":100},"functions":{"total":0,"covered":0,"skipped":0,"pct":100},"statements":{"total":11,"covered":11,"skipped":0,"pct":100},"branches":{"total":0,"covered":0,"skipped":0,"pct":100}}
,"C:\\Users\\h_gda\\Music\\Proyecto\\src\\index.ts": {"lines":{"total":29,"covered":12,"skipped":0,"pct":41.37},"functions":{"total":7,"covered":0,"skipped":0,"pct":0},"statements":{"total":31,"covered":14,"skipped":0,"pct":45.16},"branches":{"total":4,"covered":1,"skipped":0,"pct":25}}
,"C:\\Users\\h_gda\\Music\\Proyecto\\src\\swagger.config.ts": {"lines":{"total":1,"covered":1,"skipped":0,"pct":100},"functions":{"total":0,"covered":0,"skipped":0,"pct":100},"statements":{"total":1,"covered":1,"skipped":0,"pct":100},"branches":{"total":0,"covered":0,"skipped":0,"pct":100}}
,"C:\\Users\\h_gda\\Music\\Proyecto\\src\\config\\database.ts": {"lines":{"total":15,"covered":8,"skipped":0,"pct":53.33},"functions":{"total":1,"covered":0,"skipped":0,"pct":0},"statements":{"total":15,"covered":8,"skipped":0,"pct":53.33},"branches":{"total":1,"covered":0,"skipped":0,"pct":0}}
,"C:\\Users\\h_gda\\Music\\Proyecto\\src\\config\\passport.ts": {"lines":{"total":26,"covered":9,"skipped":0,"pct":34.61},"functions":{"total":3,"covered":0,"skipped":0,"pct":0},"statements":{"total":27,"covered":9,"skipped":0,"pct":33.33},"branches":{"total":11,"covered":3,"skipped":0,"pct":27.27}}
,"C:\\Users\\h_gda\\Music\\Proyecto\\src\\controllers\\Admin.ts": {"lines":{"total":33,"covered":8,"skipped":0,"pct":24.24},"functions":{"total":4,"covered":0,"skipped":0,"pct":0},"statements":{"total":33,"covered":8,"skipped":0,"pct":24.24},"branches":{"total":2,"covered":0,"skipped":0,"pct":0}}
,"C:\\Users\\h_gda\\Music\\Proyecto\\src\\controllers\\Carrito.ts": {"lines":{"total":101,"covered":70,"skipped":0,"pct":69.3},"functions":{"total":8,"covered":6,"skipped":0,"pct":75},"statements":{"total":108,"covered":76,"skipped":0,"pct":70.37},"branches":{"total":27,"covered":19,"skipped":0,"pct":70.37}}
,"C:\\Users\\h_gda\\Music\\Proyecto\\src\\controllers\\Categorias.ts": {"lines":{"total":46,"covered":7,"skipped":0,"pct":15.21},"functions":{"total":5,"covered":0,"skipped":0,"pct":0},"statements":{"total":46,"covered":7,"skipped":0,"pct":15.21},"branches":{"total":4,"covered":0,"skipped":0,"pct":0}}
,"C:\\Users\\h_gda\\Music\\Proyecto\\src\\controllers\\DetalleOrden.ts": {"lines":{"total":42,"covered":7,"skipped":0,"pct":16.66},"functions":{"total":5,"covered":0,"skipped":0,"pct":0},"statements":{"total":42,"covered":7,"skipped":0,"pct":16.66},"branches":{"total":3,"covered":0,"skipped":0,"pct":0}}
,"C:\\Users\\h_gda\\Music\\Proyecto\\src\\controllers\\Orden.ts": {"lines":{"total":64,"covered":9,"skipped":0,"pct":14.06},"functions":{"total":13,"covered":0,"skipped":0,"pct":0},"statements":{"total":68,"covered":10,"skipped":0,"pct":14.7},"branches":{"total":6,"covered":0,"skipped":0,"pct":0}}
,"C:\\Users\\h_gda\\Music\\Proyecto\\src\\controllers\\Pagos.ts": {"lines":{"total":87,"covered":15,"skipped":0,"pct":17.24},"functions":{"total":5,"covered":0,"skipped":0,"pct":0},"statements":{"total":87,"covered":15,"skipped":0,"pct":17.24},"branches":{"total":22,"covered":0,"skipped":0,"pct":0}}
,"C:\\Users\\h_gda\\Music\\Proyecto\\src\\controllers\\Productos.ts": {"lines":{"total":64,"covered":18,"skipped":0,"pct":28.12},"functions":{"total":7,"covered":2,"skipped":0,"pct":28.57},"statements":{"total":66,"covered":18,"skipped":0,"pct":27.27},"branches":{"total":10,"covered":0,"skipped":0,"pct":0}}
,"C:\\Users\\h_gda\\Music\\Proyecto\\src\\controllers\\Reporte.ts": {"lines":{"total":47,"covered":8,"skipped":0,"pct":17.02},"functions":{"total":5,"covered":0,"skipped":0,"pct":0},"statements":{"total":47,"covered":8,"skipped":0,"pct":17.02},"branches":{"total":4,"covered":0,"skipped":0,"pct":0}}
,"C:\\Users\\h_gda\\Music\\Proyecto\\src\\controllers\\authGoogle.ts": {"lines":{"total":11,"covered":5,"skipped":0,"pct":45.45},"functions":{"total":1,"covered":0,"skipped":0,"pct":0},"statements":{"total":12,"covered":6,"skipped":0,"pct":50},"branches":{"total":7,"covered":1,"skipped":0,"pct":14.28}}
,"C:\\Users\\h_gda\\Music\\Proyecto\\src\\controllers\\fileController.ts": {"lines":{"total":63,"covered":6,"skipped":0,"pct":9.52},"functions":{"total":3,"covered":0,"skipped":0,"pct":0},"statements":{"total":66,"covered":9,"skipped":0,"pct":13.63},"branches":{"total":11,"covered":0,"skipped":0,"pct":0}}
,"C:\\Users\\h_gda\\Music\\Proyecto\\src\\controllers\\usuarios.ts": {"lines":{"total":61,"covered":27,"skipped":0,"pct":44.26},"functions":{"total":6,"covered":2,"skipped":0,"pct":33.33},"statements":{"total":63,"covered":29,"skipped":0,"pct":46.03},"branches":{"total":14,"covered":8,"skipped":0,"pct":57.14}}
,"C:\\Users\\h_gda\\Music\\Proyecto\\src\\middlewares\\auth.ts": {"lines":{"total":16,"covered":13,"skipped":0,"pct":81.25},"functions":{"total":1,"covered":1,"skipped":0,"pct":100},"statements":{"total":16,"covered":13,"skipped":0,"pct":81.25},"branches":{"total":6,"covered":5,"skipped":0,"pct":83.33}}
,"C:\\Users\\h_gda\\Music\\Proyecto\\src\\middlewares\\isadmin.ts": {"lines":{"total":9,"covered":2,"skipped":0,"pct":22.22},"functions":{"total":1,"covered":0,"skipped":0,"pct":0},"statements":{"total":9,"covered":2,"skipped":0,"pct":22.22},"branches":{"total":2,"covered":0,"skipped":0,"pct":0}}
,"C:\\Users\\h_gda\\Music\\Proyecto\\src\\models\\Carrito.ts": {"lines":{"total":3,"covered":3,"skipped":0,"pct":100},"functions":{"total":0,"covered":0,"skipped":0,"pct":100},"statements":{"total":3,"covered":3,"skipped":0,"pct":100},"branches":{"total":0,"covered":0,"skipped":0,"pct":100}}
,"C:\\Users\\h_gda\\Music\\Proyecto\\src\\models\\Categoria.ts": {"lines":{"total":4,"covered":4,"skipped":0,"pct":100},"functions":{"total":0,"covered":0,"skipped":0,"pct":100},"statements":{"total":4,"covered":4,"skipped":0,"pct":100},"branches":{"total":0,"covered":0,"skipped":0,"pct":100}}
,"C:\\Users\\h_gda\\Music\\Proyecto\\src\\models\\DetalleOrden.ts": {"lines":{"total":4,"covered":4,"skipped":0,"pct":100},"functions":{"total":0,"covered":0,"skipped":0,"pct":100},"statements":{"total":4,"covered":4,"skipped":0,"pct":100},"branches":{"total":0,"covered":0,"skipped":0,"pct":100}}
,"C:\\Users\\h_gda\\Music\\Proyecto\\src\\models\\Orden.ts": {"lines":{"total":4,"covered":4,"skipped":0,"pct":100},"functions":{"total":0,"covered":0,"skipped":0,"pct":100},"statements":{"total":4,"covered":4,"skipped":0,"pct":100},"branches":{"total":0,"covered":0,"skipped":0,"pct":100}}
,"C:\\Users\\h_gda\\Music\\Proyecto\\src\\models\\Pago.ts": {"lines":{"total":4,"covered":4,"skipped":0,"pct":100},"functions":{"total":0,"covered":0,"skipped":0,"pct":100},"statements":{"total":4,"covered":4,"skipped":0,"pct":100},"branches":{"total":0,"covered":0,"skipped":0,"pct":100}}
,"C:\\Users\\h_gda\\Music\\Proyecto\\src\\models\\Producto.ts": {"lines":{"total":4,"covered":4,"skipped":0,"pct":100},"functions":{"total":0,"covered":0,"skipped":0,"pct":100},"statements":{"total":4,"covered":4,"skipped":0,"pct":100},"branches":{"total":0,"covered":0,"skipped":0,"pct":100}}
,"C:\\Users\\h_gda\\Music\\Proyecto\\src\\models\\Reporte.ts": {"lines":{"total":4,"covered":4,"skipped":0,"pct":100},"functions":{"total":0,"covered":0,"skipped":0,"pct":100},"statements":{"total":4,"covered":4,"skipped":0,"pct":100},"branches":{"total":0,"covered":0,"skipped":0,"pct":100}}
,"C:\\Users\\h_gda\\Music\\Proyecto\\src\\models\\User.ts": {"lines":{"total":4,"covered":4,"skipped":0,"pct":100},"functions":{"total":0,"covered":0,"skipped":0,"pct":100},"statements":{"total":4,"covered":4,"skipped":0,"pct":100},"branches":{"total":0,"covered":0,"skipped":0,"pct":100}}
,"C:\\Users\\h_gda\\Music\\Proyecto\\src\\routes\\admin.ts": {"lines":{"total":10,"covered":10,"skipped":0,"pct":100},"functions":{"total":0,"covered":0,"skipped":0,"pct":100},"statements":{"total":10,"covered":10,"skipped":0,"pct":100},"branches":{"total":0,"covered":0,"skipped":0,"pct":100}}
,"C:\\Users\\h_gda\\Music\\Proyecto\\src\\routes\\carrito.ts": {"lines":{"total":10,"covered":10,"skipped":0,"pct":100},"functions":{"total":0,"covered":0,"skipped":0,"pct":100},"statements":{"total":10,"covered":10,"skipped":0,"pct":100},"branches":{"total":0,"covered":0,"skipped":0,"pct":100}}
,"C:\\Users\\h_gda\\Music\\Proyecto\\src\\routes\\categorias.ts": {"lines":{"total":11,"covered":11,"skipped":0,"pct":100},"functions":{"total":0,"covered":0,"skipped":0,"pct":100},"statements":{"total":11,"covered":11,"skipped":0,"pct":100},"branches":{"total":0,"covered":0,"skipped":0,"pct":100}}
,"C:\\Users\\h_gda\\Music\\Proyecto\\src\\routes\\detalleordenes.ts": {"lines":{"total":11,"covered":11,"skipped":0,"pct":100},"functions":{"total":0,"covered":0,"skipped":0,"pct":100},"statements":{"total":11,"covered":11,"skipped":0,"pct":100},"branches":{"total":0,"covered":0,"skipped":0,"pct":100}}
,"C:\\Users\\h_gda\\Music\\Proyecto\\src\\routes\\fileRoutes.ts": {"lines":{"total":10,"covered":10,"skipped":0,"pct":100},"functions":{"total":0,"covered":0,"skipped":0,"pct":100},"statements":{"total":10,"covered":10,"skipped":0,"pct":100},"branches":{"total":0,"covered":0,"skipped":0,"pct":100}}
,"C:\\Users\\h_gda\\Music\\Proyecto\\src\\routes\\google.routes.ts": {"lines":{"total":8,"covered":8,"skipped":0,"pct":100},"functions":{"total":0,"covered":0,"skipped":0,"pct":100},"statements":{"total":8,"covered":8,"skipped":0,"pct":100},"branches":{"total":0,"covered":0,"skipped":0,"pct":100}}
,"C:\\Users\\h_gda\\Music\\Proyecto\\src\\routes\\index.ts": {"lines":{"total":25,"covered":25,"skipped":0,"pct":100},"functions":{"total":0,"covered":0,"skipped":0,"pct":100},"statements":{"total":25,"covered":25,"skipped":0,"pct":100},"branches":{"total":0,"covered":0,"skipped":0,"pct":100}}
,"C:\\Users\\h_gda\\Music\\Proyecto\\src\\routes\\ordenes.ts": {"lines":{"total":12,"covered":12,"skipped":0,"pct":100},"functions":{"total":0,"covered":0,"skipped":0,"pct":100},"statements":{"total":12,"covered":12,"skipped":0,"pct":100},"branches":{"total":0,"covered":0,"skipped":0,"pct":100}}
,"C:\\Users\\h_gda\\Music\\Proyecto\\src\\routes\\pagos.ts": {"lines":{"total":10,"covered":10,"skipped":0,"pct":100},"functions":{"total":0,"covered":0,"skipped":0,"pct":100},"statements":{"total":10,"covered":10,"skipped":0,"pct":100},"branches":{"total":0,"covered":0,"skipped":0,"pct":100}}
,"C:\\Users\\h_gda\\Music\\Proyecto\\src\\routes\\productos.ts": {"lines":{"total":12,"covered":12,"skipped":0,"pct":100},"functions":{"total":0,"covered":0,"skipped":0,"pct":100},"statements":{"total":12,"covered":12,"skipped":0,"pct":100},"branches":{"total":0,"covered":0,"skipped":0,"pct":100}}
,"C:\\Users\\h_gda\\Music\\Proyecto\\src\\routes\\reportes.ts": {"lines":{"total":11,"covered":11,"skipped":0,"pct":100},"functions":{"total":0,"covered":0,"skipped":0,"pct":100},"statements":{"total":11,"covered":11,"skipped":0,"pct":100},"branches":{"total":0,"covered":0,"skipped":0,"pct":100}}
,"C:\\Users\\h_gda\\Music\\Proyecto\\src\\routes\\usuarios.ts": {"lines":{"total":11,"covered":11,"skipped":0,"pct":100},"functions":{"total":0,"covered":0,"skipped":0,"pct":100},"statements":{"total":11,"covered":11,"skipped":0,"pct":100},"branches":{"total":0,"covered":0,"skipped":0,"pct":100}}
,"C:\\Users\\h_gda\\Music\\Proyecto\\src\\services\\emailService.ts": {"lines":{"total":5,"covered":3,"skipped":0,"pct":60},"functions":{"total":1,"covered":0,"skipped":0,"pct":0},"statements":{"total":5,"covered":3,"skipped":0,"pct":60},"branches":{"total":0,"covered":0,"skipped":0,"pct":100}}
,"C:\\Users\\h_gda\\Music\\Proyecto\\src\\services\\s3Service.ts": {"lines":{"total":20,"covered":9,"skipped":0,"pct":45},"functions":{"total":5,"covered":0,"skipped":0,"pct":0},"statements":{"total":25,"covered":14,"skipped":0,"pct":56},"branches":{"total":0,"covered":0,"skipped":0,"pct":100}}
,"C:\\Users\\h_gda\\Music\\Proyecto\\src\\types\\http-status.ts": {"lines":{"total":9,"covered":9,"skipped":0,"pct":100},"functions":{"total":1,"covered":1,"skipped":0,"pct":100},"statements":{"total":9,"covered":9,"skipped":0,"pct":100},"branches":{"total":2,"covered":2,"skipped":0,"pct":100}}
}
